2024-09-23 10:06:00 INFO  DataApplication:50 - Starting DataApplication using Java 17.0.8 with PID 7124 (C:\Users\Lenovo\Documents\GitHub\PerformanceGUI\data\target\classes started by Lenovo in C:\Users\Lenovo\Documents\GitHub\PerformanceGUI)
2024-09-23 10:06:00 INFO  DataApplication:654 - No active profile set, falling back to 1 default profile: "default"
2024-09-23 10:06:01 INFO  TomcatWebServer:111 - Tomcat initialized with port 8080 (http)
2024-09-23 10:06:01 INFO  Http11NioProtocol:173 - Initializing ProtocolHandler ["http-nio-8080"]
2024-09-23 10:06:01 INFO  StandardService:173 - Starting service [Tomcat]
2024-09-23 10:06:01 INFO  StandardEngine:173 - Starting Servlet engine: [Apache Tomcat/10.1.28]
2024-09-23 10:06:01 INFO  [/]:173 - Initializing Spring embedded WebApplicationContext
2024-09-23 10:06:01 INFO  ServletWebServerApplicationContext:296 - Root WebApplicationContext: initialization completed in 825 ms
2024-09-23 10:06:02 INFO  Http11NioProtocol:173 - Starting ProtocolHandler ["http-nio-8080"]
2024-09-23 10:06:02 INFO  TomcatWebServer:243 - Tomcat started on port 8080 (http) with context path '/'
2024-09-23 10:06:02 INFO  DataApplication:56 - Started DataApplication in 1.842 seconds (process running for 2.469)
2024-09-23 10:06:05 INFO  [/]:173 - Initializing Spring DispatcherServlet 'dispatcherServlet'
2024-09-23 10:06:05 INFO  DispatcherServlet:532 - Initializing Servlet 'dispatcherServlet'
2024-09-23 10:06:05 INFO  DispatcherServlet:554 - Completed initialization in 1 ms
2024-09-23 10:06:06 INFO  SystemDataService:57 - CPU data sending is closed !
2024-09-23 10:06:07 INFO  SystemDataService:57 - CPU data sending is closed !
2024-09-23 10:06:08 INFO  SystemDataService:57 - CPU data sending is closed !
2024-09-23 10:06:09 INFO  SystemDataService:57 - CPU data sending is closed !
2024-09-23 10:06:10 INFO  SystemDataService:57 - CPU data sending is closed !
2024-09-23 10:06:11 INFO  SystemDataService:57 - CPU data sending is closed !
2024-09-23 10:06:12 INFO  SystemDataService:57 - CPU data sending is closed !
2024-09-23 10:06:13 INFO  SystemDataService:57 - CPU data sending is closed !
2024-09-23 10:06:14 INFO  SystemDataService:57 - CPU data sending is closed !
2024-09-23 10:06:15 INFO  SystemDataService:57 - CPU data sending is closed !
2024-09-23 10:06:16 INFO  SystemDataService:57 - CPU data sending is closed !
2024-09-23 10:06:17 INFO  SystemDataService:57 - CPU data sending is closed !
2024-09-23 10:06:18 INFO  SystemDataService:57 - CPU data sending is closed !
2024-09-23 10:06:19 INFO  SystemDataService:57 - CPU data sending is closed !
2024-09-23 10:06:20 INFO  SystemDataService:57 - CPU data sending is closed !
2024-09-23 10:06:21 INFO  SystemDataService:57 - CPU data sending is closed !
2024-09-23 10:06:21 INFO  SystemDataService:96 - Network data sending is closed !
2024-09-23 10:06:22 INFO  SystemDataService:57 - CPU data sending is closed !
2024-09-23 10:06:22 INFO  SystemDataService:96 - Network data sending is closed !
2024-09-23 10:06:23 INFO  SystemDataService:57 - CPU data sending is closed !
2024-09-23 10:06:23 INFO  SystemDataService:96 - Network data sending is closed !
2024-09-23 10:06:24 INFO  SystemDataService:57 - CPU data sending is closed !
2024-09-23 10:06:24 INFO  SystemDataService:96 - Network data sending is closed !
2024-09-23 10:06:25 INFO  SystemDataService:57 - CPU data sending is closed !
2024-09-23 10:06:25 INFO  SystemDataService:96 - Network data sending is closed !
2024-09-23 10:06:26 INFO  SystemDataService:57 - CPU data sending is closed !
2024-09-23 10:06:26 INFO  SystemDataService:96 - Network data sending is closed !
2024-09-23 10:06:27 INFO  SystemDataService:57 - CPU data sending is closed !
2024-09-23 10:06:27 INFO  SystemDataService:96 - Network data sending is closed !
2024-09-23 10:06:28 INFO  SystemDataService:57 - CPU data sending is closed !
2024-09-23 10:06:28 INFO  SystemDataService:96 - Network data sending is closed !
2024-09-23 10:06:29 INFO  SystemDataService:57 - CPU data sending is closed !
2024-09-23 10:06:29 INFO  SystemDataService:96 - Network data sending is closed !
2024-09-23 10:06:30 INFO  SystemDataService:57 - CPU data sending is closed !
2024-09-23 10:06:30 INFO  SystemDataService:96 - Network data sending is closed !
2024-09-23 10:06:31 INFO  SystemDataService:57 - CPU data sending is closed !
2024-09-23 10:06:31 INFO  SystemDataService:96 - Network data sending is closed !
